<?xml version="1.0" encoding="UTF-8"?>
<!-- Generated by org.testng.reporters.JUnitReportReporter -->
<testsuite hostname="KBlue" failures="0" tests="2" name="com.pearson.test.LoginTest" time="35.124" errors="0" timestamp="2020-08-22T02:00:03 IST" skipped="1">
  <testcase classname="com.pearson.test.LoginTest" name="verifySelectLanguageFunctionality" time="35.124"/>
  <system-out/>
  <testcase classname="com.pearson.test.LoginTest" name="verifyCountOfLanguageDropDown">
    <skipped/>
  </testcase> <!-- verifyCountOfLanguageDropDown -->
  <system-out/>
</testsuite> <!-- com.pearson.test.LoginTest -->
